1: { Exemplo de programa em TINY - fatorial }
2: read x; { inteiro de entrada }
	2: reserved word: read 
	2: ID, name= x
	2: ; 
3: if 0 < x then
	3: reserved word: if 
	3: NUM, val= 0 
	3: < 
	3: ID, name= x 
	3: reserved word: then
4: 	fact := 111456;	
	4: ID, name= fact 
	4: := 
	4: NUM, val= 111456
	4: ;
5: 	repeat	
	5: reserved word: repeat
6: 		fact = fact * x;		
	6: ID, name= fact 
	6: = 
	6: ID, name= fact 
	6: * 
	6: ID, name= x
	6: ;
7: 		x := x - 1;		
	7: ID, name= x 
	7: := 
	7: ID, name= x 
	7: - 
	7: NUM, val= 1
	7: ;
8: 	until x = 0;	
	8: reserved word: until 
	8: ID, name= x 
	8: = 
	8: NUM, val= 0
	8: ;
9: 	write fact { apresenta o fatorial de x }	
	9: reserved word: write 
	9: ID, name= fact 
10: end
	10: reserved word: end
11: 
	12: EOF
